Sun, 25 Oct 2015 14:58:05 - get_data.py - [line:65] - WARNING - 第0篇require文档文章ID为：1
Sun, 25 Oct 2015 14:58:07 - __init__.py - [line:106] - DEBUG - Building prefix dict from D:\Software\Python34\lib\site-packages\jieba\dict.txt ...
Sun, 25 Oct 2015 14:58:07 - __init__.py - [line:125] - DEBUG - Loading model from cache C:\Users\jxxia\AppData\Local\Temp\jieba.cache
Sun, 25 Oct 2015 14:58:08 - __init__.py - [line:157] - DEBUG - Loading model cost 1.160 seconds.
Sun, 25 Oct 2015 14:58:08 - __init__.py - [line:158] - DEBUG - Prefix dict has been built succesfully.
Sun, 25 Oct 2015 14:58:08 - get_data.py - [line:69] - WARNING - return_data: [['网站', '需求', '一个', '糕点', '面包', '制造', '主题鲜明', '布局合理', '站点', '版权', '搭配', '侵犯', '和谐', '清晰', '色彩', '主题', '用户', '安全性', '确保', '垃圾文件', '兼容性', '延时', '杜绝', '太久', '反馈', '登录', 'struct2', 'jsp', 'mysql', 'hibern', 'j2ee', 'spring', '技术', '前台', '数据库', '界面', '网站', '需求', '一个']]
Sun, 25 Oct 2015 14:58:08 - get_data.py - [line:65] - WARNING - 第1篇require文档文章ID为：2
Sun, 25 Oct 2015 14:58:08 - get_data.py - [line:69] - WARNING - return_data: [['网站', '需求', '一个', '糕点', '面包', '制造', '主题鲜明', '布局合理', '站点', '版权', '搭配', '侵犯', '和谐', '清晰', '色彩', '主题', '用户', '安全性', '确保', '垃圾文件', '兼容性', '延时', '杜绝', '太久', '反馈', '登录', 'struct2', 'jsp', 'mysql', 'hibern', 'j2ee', 'spring', '技术', '前台', '数据库', '界面', '网站', '需求', '一个'], ['防火', '监控', '森林', '需求', '系统', '火力发电', '供电', '透雾', '系统', '监控', '夜间', '激光照明', '照度', '不如人意', '滤光片', '稳定', '正常', '范围', '系统', '基本', '工作', '预置', '镜头', '解码器', '差来', '电压', '依靠', '判断', '往往', '功能', '造成', '镜头', '监控', '光圈', '画面', '延时', '长焦', '模糊', '解码', '视场', '云台', '监控', '避雷', '24', '阴雨天', '安全可靠', '接地', '防火', '无线', '全天候', '互补', '防火', '监控', '森林', '需求', '系统']]
Sun, 25 Oct 2015 14:58:08 - get_data.py - [line:65] - WARNING - 第2篇require文档文章ID为：3
Sun, 25 Oct 2015 14:58:08 - get_data.py - [line:69] - WARNING - return_data: [['网站', '需求', '一个', '糕点', '面包', '制造', '主题鲜明', '布局合理', '站点', '版权', '搭配', '侵犯', '和谐', '清晰', '色彩', '主题', '用户', '安全性', '确保', '垃圾文件', '兼容性', '延时', '杜绝', '太久', '反馈', '登录', 'struct2', 'jsp', 'mysql', 'hibern', 'j2ee', 'spring', '技术', '前台', '数据库', '界面', '网站', '需求', '一个'], ['防火', '监控', '森林', '需求', '系统', '火力发电', '供电', '透雾', '系统', '监控', '夜间', '激光照明', '照度', '不如人意', '滤光片', '稳定', '正常', '范围', '系统', '基本', '工作', '预置', '镜头', '解码器', '差来', '电压', '依靠', '判断', '往往', '功能', '造成', '镜头', '监控', '光圈', '画面', '延时', '长焦', '模糊', '解码', '视场', '云台', '监控', '避雷', '24', '阴雨天', '安全可靠', '接地', '防火', '无线', '全天候', '互补', '防火', '监控', '森林', '需求', '系统'], ['需求', '燃气', '供应', '生产', '冬雾', '日益严重', '日常生活', '不便', '哪些', '生存', '治理', '更好', '怎样', '人类', '杀手', '冬季', '气管', '呼吸道', '感染', '支气管炎', '哮喘', '肺炎', '较差', '急性', '病毒', '加重', '空气', '可吸入颗粒物', '增湿', '颗粒物', '氮氧化物', '灰蒙蒙', '气态', '二氧化硫', '雾气', '污染物', '需求']]
Sun, 25 Oct 2015 14:58:08 - get_data.py - [line:65] - WARNING - 第3篇require文档文章ID为：4
Sun, 25 Oct 2015 14:58:08 - get_data.py - [line:69] - WARNING - return_data: [['网站', '需求', '一个', '糕点', '面包', '制造', '主题鲜明', '布局合理', '站点', '版权', '搭配', '侵犯', '和谐', '清晰', '色彩', '主题', '用户', '安全性', '确保', '垃圾文件', '兼容性', '延时', '杜绝', '太久', '反馈', '登录', 'struct2', 'jsp', 'mysql', 'hibern', 'j2ee', 'spring', '技术', '前台', '数据库', '界面', '网站', '需求', '一个'], ['防火', '监控', '森林', '需求', '系统', '火力发电', '供电', '透雾', '系统', '监控', '夜间', '激光照明', '照度', '不如人意', '滤光片', '稳定', '正常', '范围', '系统', '基本', '工作', '预置', '镜头', '解码器', '差来', '电压', '依靠', '判断', '往往', '功能', '造成', '镜头', '监控', '光圈', '画面', '延时', '长焦', '模糊', '解码', '视场', '云台', '监控', '避雷', '24', '阴雨天', '安全可靠', '接地', '防火', '无线', '全天候', '互补', '防火', '监控', '森林', '需求', '系统'], ['需求', '燃气', '供应', '生产', '冬雾', '日益严重', '日常生活', '不便', '哪些', '生存', '治理', '更好', '怎样', '人类', '杀手', '冬季', '气管', '呼吸道', '感染', '支气管炎', '哮喘', '肺炎', '较差', '急性', '病毒', '加重', '空气', '可吸入颗粒物', '增湿', '颗粒物', '氮氧化物', '灰蒙蒙', '气态', '二氧化硫', '雾气', '污染物', '需求'], ['智能家居', '需求', '系统', '污水处理', '再生', '及其', '利用', '智能', '气窗', '温湿度', '可扩展性', '背景音乐', 'co2', 'web', '门禁', '集中控制', '百叶窗', '技术', '厂家', '布线', '国内', '音视频', 'bs', '搜波瑞', 'apb', 'gkb', '网络通信', '智能家居', '需求', '系统']]
Sun, 25 Oct 2015 14:58:08 - get_data.py - [line:65] - WARNING - 第4篇require文档文章ID为：5
Sun, 25 Oct 2015 14:58:08 - get_data.py - [line:69] - WARNING - return_data: [['网站', '需求', '一个', '糕点', '面包', '制造', '主题鲜明', '布局合理', '站点', '版权', '搭配', '侵犯', '和谐', '清晰', '色彩', '主题', '用户', '安全性', '确保', '垃圾文件', '兼容性', '延时', '杜绝', '太久', '反馈', '登录', 'struct2', 'jsp', 'mysql', 'hibern', 'j2ee', 'spring', '技术', '前台', '数据库', '界面', '网站', '需求', '一个'], ['防火', '监控', '森林', '需求', '系统', '火力发电', '供电', '透雾', '系统', '监控', '夜间', '激光照明', '照度', '不如人意', '滤光片', '稳定', '正常', '范围', '系统', '基本', '工作', '预置', '镜头', '解码器', '差来', '电压', '依靠', '判断', '往往', '功能', '造成', '镜头', '监控', '光圈', '画面', '延时', '长焦', '模糊', '解码', '视场', '云台', '监控', '避雷', '24', '阴雨天', '安全可靠', '接地', '防火', '无线', '全天候', '互补', '防火', '监控', '森林', '需求', '系统'], ['需求', '燃气', '供应', '生产', '冬雾', '日益严重', '日常生活', '不便', '哪些', '生存', '治理', '更好', '怎样', '人类', '杀手', '冬季', '气管', '呼吸道', '感染', '支气管炎', '哮喘', '肺炎', '较差', '急性', '病毒', '加重', '空气', '可吸入颗粒物', '增湿', '颗粒物', '氮氧化物', '灰蒙蒙', '气态', '二氧化硫', '雾气', '污染物', '需求'], ['智能家居', '需求', '系统', '污水处理', '再生', '及其', '利用', '智能', '气窗', '温湿度', '可扩展性', '背景音乐', 'co2', 'web', '门禁', '集中控制', '百叶窗', '技术', '厂家', '布线', '国内', '音视频', 'bs', '搜波瑞', 'apb', 'gkb', '网络通信', '智能家居', '需求', '系统'], ['智能', '汽车', '需求', '家禽', '饲养', '智能', '主机厂', '高校', '技术', '集成', '我们', '第二个', '第三个', '研发', '基于', '所谓', '智能', '汽车', '智能', '汽车', '车辆', '传感', '感知', '信息', '执行器', '人来', '人车', '己经', '智能', '汽车', '需求']]
Sun, 25 Oct 2015 14:58:09 - utils.py - [line:836] - INFO - detected Windows; aliasing chunkize to chunkize_serial
Sun, 25 Oct 2015 14:58:09 - sharded_corpus.py - [line:37] - INFO - Could not import Theano, will use standard float for default ShardedCorpus dtype.
Sun, 25 Oct 2015 14:58:09 - textcleaner.py - [line:20] - INFO - 'pattern' package not found; tag filters are not available for English
Sun, 25 Oct 2015 14:58:09 - dictionary.py - [line:124] - INFO - adding document #0 to Dictionary(0 unique tokens: [])
Sun, 25 Oct 2015 14:58:09 - dictionary.py - [line:130] - INFO - built Dictionary(157 unique tokens: ['厂家', '第三个', '主题', '长焦', '搜波瑞']...) from 5 documents (total 193 corpus positions)
Sun, 25 Oct 2015 14:58:09 - lda.py - [line:34] - WARNING - corpus: [[(0, 1), (1, 1), (2, 1), (3, 1), (4, 1), (5, 1), (6, 1), (7, 2), (8, 2), (9, 1), (10, 1), (11, 1), (12, 1), (13, 1), (14, 1), (15, 1), (16, 1), (17, 1), (18, 1), (19, 1), (20, 1), (21, 1), (22, 1), (23, 1), (24, 1), (25, 1), (26, 1), (27, 2), (28, 1), (29, 1), (30, 1), (31, 1), (32, 1), (33, 1), (34, 1), (35, 1)], [(8, 2), (17, 1), (36, 1), (37, 1), (38, 1), (39, 1), (40, 1), (41, 1), (42, 1), (43, 1), (44, 1), (45, 1), (46, 1), (47, 1), (48, 2), (49, 1), (50, 1), (51, 1), (52, 5), (53, 1), (54, 1), (55, 1), (56, 1), (57, 1), (58, 1), (59, 1), (60, 1), (61, 1), (62, 1), (63, 1), (64, 4), (65, 1), (66, 1), (67, 1), (68, 1), (69, 1), (70, 1), (71, 2), (72, 1), (73, 3), (74, 1), (75, 1), (76, 1), (77, 1)], [(8, 2), (78, 1), (79, 1), (80, 1), (81, 1), (82, 1), (83, 1), (84, 1), (85, 1), (86, 1), (87, 1), (88, 1), (89, 1), (90, 1), (91, 1), (92, 1), (93, 1), (94, 1), (95, 1), (96, 1), (97, 1), (98, 1), (99, 1), (100, 1), (101, 1), (102, 1), (103, 1), (104, 1), (105, 1), (106, 1), (107, 1), (108, 1), (109, 1), (110, 1), (111, 1), (112, 1)], [(8, 2), (23, 1), (64, 2), (113, 1), (114, 1), (115, 1), (116, 1), (117, 1), (118, 1), (119, 1), (120, 1), (121, 1), (122, 1), (123, 1), (124, 1), (125, 1), (126, 1), (127, 1), (128, 1), (129, 2), (130, 1), (131, 1), (132, 1), (133, 1), (134, 1), (135, 1), (136, 1)], [(8, 2), (23, 1), (121, 5), (137, 1), (138, 1), (139, 1), (140, 1), (141, 1), (142, 4), (143, 1), (144, 1), (145, 1), (146, 1), (147, 1), (148, 1), (149, 1), (150, 1), (151, 1), (152, 1), (153, 1), (154, 1), (155, 1), (156, 1)]]
Sun, 25 Oct 2015 14:58:09 - tfidfmodel.py - [line:112] - INFO - collecting document frequencies
Sun, 25 Oct 2015 14:58:09 - tfidfmodel.py - [line:117] - INFO - PROGRESS: processing document #0
Sun, 25 Oct 2015 14:58:09 - tfidfmodel.py - [line:130] - INFO - calculating IDF weights for 5 documents and 156 features (166 matrix non-zeros)
Sun, 25 Oct 2015 14:58:09 - ldamodel.py - [line:261] - INFO - using symmetric alpha at 0.1111111111111111
Sun, 25 Oct 2015 14:58:09 - ldamodel.py - [line:287] - INFO - using serial LDA version on this node
Sun, 25 Oct 2015 14:58:09 - ldamodel.py - [line:538] - INFO - running online LDA training, 9 topics, 1 passes over the supplied corpus of 5 documents, updating model once every 5 documents, evaluating perplexity every 5 documents, iterating 50x with a convergence threshold of 0.001000
Sun, 25 Oct 2015 14:58:09 - ldamodel.py - [line:541] - WARNING - too few updates, training might not converge; consider increasing the number of passes or iterations to improve accuracy
Sun, 25 Oct 2015 14:58:09 - ldamodel.py - [line:468] - INFO - -62.246 per-word bound, 5468633351155364864.0 perplexity estimate based on a held-out corpus of 5 documents with 26 words
Sun, 25 Oct 2015 14:58:09 - ldamodel.py - [line:573] - INFO - PROGRESS: pass 0, at document #5/5
Sun, 25 Oct 2015 14:58:09 - ldamodel.py - [line:719] - INFO - topic #7 (0.111): 0.006*汽车 + 0.006*智能 + 0.006*系统 + 0.006*监控 + 0.006*智能家居 + 0.006*防火 + 0.006*主机厂 + 0.006*车辆 + 0.006*背景音乐 + 0.006*可扩展性
Sun, 25 Oct 2015 14:58:09 - ldamodel.py - [line:719] - INFO - topic #0 (0.111): 0.023*监控 + 0.015*防火 + 0.015*一个 + 0.015*网站 + 0.012*系统 + 0.011*镜头 + 0.011*森林 + 0.009*垃圾文件 + 0.009*清晰 + 0.009*mysql
Sun, 25 Oct 2015 14:58:09 - ldamodel.py - [line:719] - INFO - topic #8 (0.111): 0.006*汽车 + 0.006*智能 + 0.006*监控 + 0.006*系统 + 0.006*智能家居 + 0.006*家禽 + 0.006*一个 + 0.006*网站 + 0.006*co2 + 0.006*信息
Sun, 25 Oct 2015 14:58:09 - ldamodel.py - [line:719] - INFO - topic #6 (0.111): 0.022*智能家居 + 0.015*系统 + 0.013*利用 + 0.013*音视频 + 0.013*污水处理 + 0.013*集中控制 + 0.013*布线 + 0.013*厂家 + 0.013*再生 + 0.013*bs
Sun, 25 Oct 2015 14:58:09 - ldamodel.py - [line:719] - INFO - topic #5 (0.111): 0.006*汽车 + 0.006*系统 + 0.006*智能 + 0.006*监控 + 0.006*智能家居 + 0.006*防火 + 0.006*一个 + 0.006*家禽 + 0.006*己经 + 0.006*我们
Sun, 25 Oct 2015 14:58:09 - ldamodel.py - [line:628] - INFO - topic diff=6.194628, rho=1.000000
Sun, 25 Oct 2015 14:58:09 - docsim.py - [line:501] - WARNING - scanning corpus to determine the number of features (consider setting `num_features` explicitly)
Sun, 25 Oct 2015 14:58:09 - docsim.py - [line:514] - INFO - creating matrix with 5 documents and 7 features
Sun, 25 Oct 2015 14:58:09 - dictionary.py - [line:124] - INFO - adding document #0 to Dictionary(0 unique tokens: [])
Sun, 25 Oct 2015 14:58:09 - dictionary.py - [line:130] - INFO - built Dictionary(157 unique tokens: ['厂家', '第三个', '主题', '长焦', '搜波瑞']...) from 5 documents (total 193 corpus positions)
Sun, 25 Oct 2015 14:58:09 - lda.py - [line:34] - WARNING - corpus: [[(0, 1), (1, 1), (2, 1), (3, 1), (4, 1), (5, 1), (6, 1), (7, 2), (8, 2), (9, 1), (10, 1), (11, 1), (12, 1), (13, 1), (14, 1), (15, 1), (16, 1), (17, 1), (18, 1), (19, 1), (20, 1), (21, 1), (22, 1), (23, 1), (24, 1), (25, 1), (26, 1), (27, 2), (28, 1), (29, 1), (30, 1), (31, 1), (32, 1), (33, 1), (34, 1), (35, 1)], [(8, 2), (17, 1), (36, 1), (37, 1), (38, 1), (39, 1), (40, 1), (41, 1), (42, 1), (43, 1), (44, 1), (45, 1), (46, 1), (47, 1), (48, 2), (49, 1), (50, 1), (51, 1), (52, 5), (53, 1), (54, 1), (55, 1), (56, 1), (57, 1), (58, 1), (59, 1), (60, 1), (61, 1), (62, 1), (63, 1), (64, 4), (65, 1), (66, 1), (67, 1), (68, 1), (69, 1), (70, 1), (71, 2), (72, 1), (73, 3), (74, 1), (75, 1), (76, 1), (77, 1)], [(8, 2), (78, 1), (79, 1), (80, 1), (81, 1), (82, 1), (83, 1), (84, 1), (85, 1), (86, 1), (87, 1), (88, 1), (89, 1), (90, 1), (91, 1), (92, 1), (93, 1), (94, 1), (95, 1), (96, 1), (97, 1), (98, 1), (99, 1), (100, 1), (101, 1), (102, 1), (103, 1), (104, 1), (105, 1), (106, 1), (107, 1), (108, 1), (109, 1), (110, 1), (111, 1), (112, 1)], [(8, 2), (23, 1), (64, 2), (113, 1), (114, 1), (115, 1), (116, 1), (117, 1), (118, 1), (119, 1), (120, 1), (121, 1), (122, 1), (123, 1), (124, 1), (125, 1), (126, 1), (127, 1), (128, 1), (129, 2), (130, 1), (131, 1), (132, 1), (133, 1), (134, 1), (135, 1), (136, 1)], [(8, 2), (23, 1), (121, 5), (137, 1), (138, 1), (139, 1), (140, 1), (141, 1), (142, 4), (143, 1), (144, 1), (145, 1), (146, 1), (147, 1), (148, 1), (149, 1), (150, 1), (151, 1), (152, 1), (153, 1), (154, 1), (155, 1), (156, 1)]]
Sun, 25 Oct 2015 14:58:09 - tfidfmodel.py - [line:112] - INFO - collecting document frequencies
Sun, 25 Oct 2015 14:58:09 - tfidfmodel.py - [line:117] - INFO - PROGRESS: processing document #0
Sun, 25 Oct 2015 14:58:09 - tfidfmodel.py - [line:130] - INFO - calculating IDF weights for 5 documents and 156 features (166 matrix non-zeros)
Sun, 25 Oct 2015 14:58:09 - ldamodel.py - [line:261] - INFO - using symmetric alpha at 0.1111111111111111
Sun, 25 Oct 2015 14:58:09 - ldamodel.py - [line:287] - INFO - using serial LDA version on this node
Sun, 25 Oct 2015 14:58:09 - ldamodel.py - [line:538] - INFO - running online LDA training, 9 topics, 1 passes over the supplied corpus of 5 documents, updating model once every 5 documents, evaluating perplexity every 5 documents, iterating 50x with a convergence threshold of 0.001000
Sun, 25 Oct 2015 14:58:09 - ldamodel.py - [line:541] - WARNING - too few updates, training might not converge; consider increasing the number of passes or iterations to improve accuracy
Sun, 25 Oct 2015 14:58:09 - ldamodel.py - [line:468] - INFO - -62.278 per-word bound, 5593368411840137216.0 perplexity estimate based on a held-out corpus of 5 documents with 26 words
Sun, 25 Oct 2015 14:58:09 - ldamodel.py - [line:573] - INFO - PROGRESS: pass 0, at document #5/5
Sun, 25 Oct 2015 14:58:09 - ldamodel.py - [line:719] - INFO - topic #1 (0.111): 0.022*智能家居 + 0.015*系统 + 0.013*gkb + 0.013*国内 + 0.013*集中控制 + 0.013*co2 + 0.013*网络通信 + 0.013*背景音乐 + 0.013*web + 0.013*污水处理
Sun, 25 Oct 2015 14:58:09 - ldamodel.py - [line:719] - INFO - topic #8 (0.111): 0.034*汽车 + 0.025*智能 + 0.012*人来 + 0.012*执行器 + 0.012*基于 + 0.012*集成 + 0.012*第二个 + 0.012*己经 + 0.012*感知 + 0.012*传感
Sun, 25 Oct 2015 14:58:09 - ldamodel.py - [line:719] - INFO - topic #0 (0.111): 0.006*智能 + 0.006*汽车 + 0.006*系统 + 0.006*智能家居 + 0.006*防火 + 0.006*监控 + 0.006*一个 + 0.006*污染物 + 0.006*布线 + 0.006*主机厂
Sun, 25 Oct 2015 14:58:09 - ldamodel.py - [line:719] - INFO - topic #6 (0.111): 0.006*智能 + 0.006*汽车 + 0.006*系统 + 0.006*智能家居 + 0.006*防火 + 0.006*监控 + 0.006*一个 + 0.006*网站 + 0.006*车辆 + 0.006*搜波瑞
Sun, 25 Oct 2015 14:58:09 - ldamodel.py - [line:719] - INFO - topic #2 (0.111): 0.019*网站 + 0.019*一个 + 0.012*前台 + 0.012*色彩 + 0.012*反馈 + 0.012*兼容性 + 0.012*布局合理 + 0.012*糕点 + 0.012*搭配 + 0.012*杜绝
Sun, 25 Oct 2015 14:58:09 - ldamodel.py - [line:628] - INFO - topic diff=6.200707, rho=1.000000
Sun, 25 Oct 2015 14:58:09 - docsim.py - [line:501] - WARNING - scanning corpus to determine the number of features (consider setting `num_features` explicitly)
Sun, 25 Oct 2015 14:58:09 - docsim.py - [line:514] - INFO - creating matrix with 5 documents and 9 features
Sun, 25 Oct 2015 14:58:09 - dictionary.py - [line:124] - INFO - adding document #0 to Dictionary(0 unique tokens: [])
Sun, 25 Oct 2015 14:58:09 - dictionary.py - [line:130] - INFO - built Dictionary(157 unique tokens: ['厂家', '第三个', '主题', '长焦', '搜波瑞']...) from 5 documents (total 193 corpus positions)
Sun, 25 Oct 2015 14:58:09 - lda.py - [line:34] - WARNING - corpus: [[(0, 1), (1, 1), (2, 1), (3, 1), (4, 1), (5, 1), (6, 1), (7, 2), (8, 2), (9, 1), (10, 1), (11, 1), (12, 1), (13, 1), (14, 1), (15, 1), (16, 1), (17, 1), (18, 1), (19, 1), (20, 1), (21, 1), (22, 1), (23, 1), (24, 1), (25, 1), (26, 1), (27, 2), (28, 1), (29, 1), (30, 1), (31, 1), (32, 1), (33, 1), (34, 1), (35, 1)], [(8, 2), (17, 1), (36, 1), (37, 1), (38, 1), (39, 1), (40, 1), (41, 1), (42, 1), (43, 1), (44, 1), (45, 1), (46, 1), (47, 1), (48, 2), (49, 1), (50, 1), (51, 1), (52, 5), (53, 1), (54, 1), (55, 1), (56, 1), (57, 1), (58, 1), (59, 1), (60, 1), (61, 1), (62, 1), (63, 1), (64, 4), (65, 1), (66, 1), (67, 1), (68, 1), (69, 1), (70, 1), (71, 2), (72, 1), (73, 3), (74, 1), (75, 1), (76, 1), (77, 1)], [(8, 2), (78, 1), (79, 1), (80, 1), (81, 1), (82, 1), (83, 1), (84, 1), (85, 1), (86, 1), (87, 1), (88, 1), (89, 1), (90, 1), (91, 1), (92, 1), (93, 1), (94, 1), (95, 1), (96, 1), (97, 1), (98, 1), (99, 1), (100, 1), (101, 1), (102, 1), (103, 1), (104, 1), (105, 1), (106, 1), (107, 1), (108, 1), (109, 1), (110, 1), (111, 1), (112, 1)], [(8, 2), (23, 1), (64, 2), (113, 1), (114, 1), (115, 1), (116, 1), (117, 1), (118, 1), (119, 1), (120, 1), (121, 1), (122, 1), (123, 1), (124, 1), (125, 1), (126, 1), (127, 1), (128, 1), (129, 2), (130, 1), (131, 1), (132, 1), (133, 1), (134, 1), (135, 1), (136, 1)], [(8, 2), (23, 1), (121, 5), (137, 1), (138, 1), (139, 1), (140, 1), (141, 1), (142, 4), (143, 1), (144, 1), (145, 1), (146, 1), (147, 1), (148, 1), (149, 1), (150, 1), (151, 1), (152, 1), (153, 1), (154, 1), (155, 1), (156, 1)]]
Sun, 25 Oct 2015 14:58:09 - tfidfmodel.py - [line:112] - INFO - collecting document frequencies
Sun, 25 Oct 2015 14:58:09 - tfidfmodel.py - [line:117] - INFO - PROGRESS: processing document #0
Sun, 25 Oct 2015 14:58:09 - tfidfmodel.py - [line:130] - INFO - calculating IDF weights for 5 documents and 156 features (166 matrix non-zeros)
Sun, 25 Oct 2015 14:58:09 - ldamodel.py - [line:261] - INFO - using symmetric alpha at 0.1111111111111111
Sun, 25 Oct 2015 14:58:09 - ldamodel.py - [line:287] - INFO - using serial LDA version on this node
Sun, 25 Oct 2015 14:58:09 - ldamodel.py - [line:538] - INFO - running online LDA training, 9 topics, 1 passes over the supplied corpus of 5 documents, updating model once every 5 documents, evaluating perplexity every 5 documents, iterating 50x with a convergence threshold of 0.001000
Sun, 25 Oct 2015 14:58:09 - ldamodel.py - [line:541] - WARNING - too few updates, training might not converge; consider increasing the number of passes or iterations to improve accuracy
Sun, 25 Oct 2015 14:58:09 - ldamodel.py - [line:468] - INFO - -62.306 per-word bound, 5701175500987561984.0 perplexity estimate based on a held-out corpus of 5 documents with 26 words
Sun, 25 Oct 2015 14:58:09 - ldamodel.py - [line:573] - INFO - PROGRESS: pass 0, at document #5/5
Sun, 25 Oct 2015 14:58:09 - ldamodel.py - [line:719] - INFO - topic #8 (0.111): 0.019*监控 + 0.017*系统 + 0.014*智能家居 + 0.013*防火 + 0.010*镜头 + 0.010*森林 + 0.009*污水处理 + 0.009*温湿度 + 0.009*国内 + 0.009*利用
Sun, 25 Oct 2015 14:58:09 - ldamodel.py - [line:719] - INFO - topic #5 (0.111): 0.006*汽车 + 0.006*智能 + 0.006*系统 + 0.006*智能家居 + 0.006*执行器 + 0.006*监控 + 0.006*防火 + 0.006*森林 + 0.006*gkb + 0.006*第三个
Sun, 25 Oct 2015 14:58:09 - ldamodel.py - [line:719] - INFO - topic #3 (0.111): 0.006*汽车 + 0.006*智能 + 0.006*智能家居 + 0.006*系统 + 0.006*监控 + 0.006*执行器 + 0.006*背景音乐 + 0.006*网站 + 0.006*第二个 + 0.006*气窗
Sun, 25 Oct 2015 14:58:09 - ldamodel.py - [line:719] - INFO - topic #4 (0.111): 0.034*汽车 + 0.025*智能 + 0.012*家禽 + 0.012*人来 + 0.012*传感 + 0.012*所谓 + 0.012*高校 + 0.012*己经 + 0.012*饲养 + 0.012*主机厂
Sun, 25 Oct 2015 14:58:09 - ldamodel.py - [line:719] - INFO - topic #1 (0.111): 0.006*汽车 + 0.006*智能 + 0.006*系统 + 0.006*监控 + 0.006*执行器 + 0.006*背景音乐 + 0.006*网站 + 0.006*一个 + 0.006*智能家居 + 0.006*防火
Sun, 25 Oct 2015 14:58:09 - ldamodel.py - [line:628] - INFO - topic diff=6.186048, rho=1.000000
Sun, 25 Oct 2015 14:58:09 - docsim.py - [line:501] - WARNING - scanning corpus to determine the number of features (consider setting `num_features` explicitly)
Sun, 25 Oct 2015 14:58:09 - docsim.py - [line:514] - INFO - creating matrix with 5 documents and 9 features
Sun, 25 Oct 2015 14:58:09 - dictionary.py - [line:124] - INFO - adding document #0 to Dictionary(0 unique tokens: [])
Sun, 25 Oct 2015 14:58:09 - dictionary.py - [line:130] - INFO - built Dictionary(157 unique tokens: ['厂家', '第三个', '主题', '长焦', '搜波瑞']...) from 5 documents (total 193 corpus positions)
Sun, 25 Oct 2015 14:58:09 - lda.py - [line:34] - WARNING - corpus: [[(0, 1), (1, 1), (2, 1), (3, 1), (4, 1), (5, 1), (6, 1), (7, 2), (8, 2), (9, 1), (10, 1), (11, 1), (12, 1), (13, 1), (14, 1), (15, 1), (16, 1), (17, 1), (18, 1), (19, 1), (20, 1), (21, 1), (22, 1), (23, 1), (24, 1), (25, 1), (26, 1), (27, 2), (28, 1), (29, 1), (30, 1), (31, 1), (32, 1), (33, 1), (34, 1), (35, 1)], [(8, 2), (17, 1), (36, 1), (37, 1), (38, 1), (39, 1), (40, 1), (41, 1), (42, 1), (43, 1), (44, 1), (45, 1), (46, 1), (47, 1), (48, 2), (49, 1), (50, 1), (51, 1), (52, 5), (53, 1), (54, 1), (55, 1), (56, 1), (57, 1), (58, 1), (59, 1), (60, 1), (61, 1), (62, 1), (63, 1), (64, 4), (65, 1), (66, 1), (67, 1), (68, 1), (69, 1), (70, 1), (71, 2), (72, 1), (73, 3), (74, 1), (75, 1), (76, 1), (77, 1)], [(8, 2), (78, 1), (79, 1), (80, 1), (81, 1), (82, 1), (83, 1), (84, 1), (85, 1), (86, 1), (87, 1), (88, 1), (89, 1), (90, 1), (91, 1), (92, 1), (93, 1), (94, 1), (95, 1), (96, 1), (97, 1), (98, 1), (99, 1), (100, 1), (101, 1), (102, 1), (103, 1), (104, 1), (105, 1), (106, 1), (107, 1), (108, 1), (109, 1), (110, 1), (111, 1), (112, 1)], [(8, 2), (23, 1), (64, 2), (113, 1), (114, 1), (115, 1), (116, 1), (117, 1), (118, 1), (119, 1), (120, 1), (121, 1), (122, 1), (123, 1), (124, 1), (125, 1), (126, 1), (127, 1), (128, 1), (129, 2), (130, 1), (131, 1), (132, 1), (133, 1), (134, 1), (135, 1), (136, 1)], [(8, 2), (23, 1), (121, 5), (137, 1), (138, 1), (139, 1), (140, 1), (141, 1), (142, 4), (143, 1), (144, 1), (145, 1), (146, 1), (147, 1), (148, 1), (149, 1), (150, 1), (151, 1), (152, 1), (153, 1), (154, 1), (155, 1), (156, 1)]]
Sun, 25 Oct 2015 14:58:09 - tfidfmodel.py - [line:112] - INFO - collecting document frequencies
Sun, 25 Oct 2015 14:58:09 - tfidfmodel.py - [line:117] - INFO - PROGRESS: processing document #0
Sun, 25 Oct 2015 14:58:09 - tfidfmodel.py - [line:130] - INFO - calculating IDF weights for 5 documents and 156 features (166 matrix non-zeros)
Sun, 25 Oct 2015 14:58:09 - ldamodel.py - [line:261] - INFO - using symmetric alpha at 0.1111111111111111
Sun, 25 Oct 2015 14:58:09 - ldamodel.py - [line:287] - INFO - using serial LDA version on this node
Sun, 25 Oct 2015 14:58:09 - ldamodel.py - [line:538] - INFO - running online LDA training, 9 topics, 1 passes over the supplied corpus of 5 documents, updating model once every 5 documents, evaluating perplexity every 5 documents, iterating 50x with a convergence threshold of 0.001000
Sun, 25 Oct 2015 14:58:09 - ldamodel.py - [line:541] - WARNING - too few updates, training might not converge; consider increasing the number of passes or iterations to improve accuracy
Sun, 25 Oct 2015 14:58:09 - ldamodel.py - [line:468] - INFO - -62.177 per-word bound, 5212112147889315840.0 perplexity estimate based on a held-out corpus of 5 documents with 26 words
Sun, 25 Oct 2015 14:58:09 - ldamodel.py - [line:573] - INFO - PROGRESS: pass 0, at document #5/5
Sun, 25 Oct 2015 14:58:09 - ldamodel.py - [line:719] - INFO - topic #2 (0.111): 0.006*智能 + 0.006*汽车 + 0.006*监控 + 0.006*系统 + 0.006*防火 + 0.006*gkb + 0.006*主机厂 + 0.006*所谓 + 0.006*智能家居 + 0.006*一个
Sun, 25 Oct 2015 14:58:09 - ldamodel.py - [line:719] - INFO - topic #3 (0.111): 0.023*监控 + 0.015*防火 + 0.015*一个 + 0.015*网站 + 0.012*系统 + 0.011*镜头 + 0.011*森林 + 0.009*兼容性 + 0.009*hibern + 0.009*面包
Sun, 25 Oct 2015 14:58:09 - ldamodel.py - [line:719] - INFO - topic #8 (0.111): 0.006*汽车 + 0.006*智能 + 0.006*系统 + 0.006*监控 + 0.006*智能家居 + 0.006*所谓 + 0.006*gkb + 0.006*apb + 0.006*主机厂 + 0.006*防火
Sun, 25 Oct 2015 14:58:09 - ldamodel.py - [line:719] - INFO - topic #1 (0.111): 0.012*冬季 + 0.012*生产 + 0.012*颗粒物 + 0.012*生存 + 0.012*增湿 + 0.012*肺炎 + 0.012*灰蒙蒙 + 0.012*更好 + 0.012*哮喘 + 0.012*治理
Sun, 25 Oct 2015 14:58:09 - ldamodel.py - [line:719] - INFO - topic #7 (0.111): 0.034*汽车 + 0.025*智能 + 0.012*执行器 + 0.012*研发 + 0.012*基于 + 0.012*感知 + 0.012*信息 + 0.012*人车 + 0.012*车辆 + 0.012*人来
Sun, 25 Oct 2015 14:58:09 - ldamodel.py - [line:628] - INFO - topic diff=6.192819, rho=1.000000
Sun, 25 Oct 2015 14:58:09 - docsim.py - [line:501] - WARNING - scanning corpus to determine the number of features (consider setting `num_features` explicitly)
Sun, 25 Oct 2015 14:58:09 - docsim.py - [line:514] - INFO - creating matrix with 5 documents and 8 features
Sun, 25 Oct 2015 14:58:09 - dictionary.py - [line:124] - INFO - adding document #0 to Dictionary(0 unique tokens: [])
Sun, 25 Oct 2015 14:58:09 - dictionary.py - [line:130] - INFO - built Dictionary(157 unique tokens: ['厂家', '第三个', '主题', '长焦', '搜波瑞']...) from 5 documents (total 193 corpus positions)
Sun, 25 Oct 2015 14:58:09 - lda.py - [line:34] - WARNING - corpus: [[(0, 1), (1, 1), (2, 1), (3, 1), (4, 1), (5, 1), (6, 1), (7, 2), (8, 2), (9, 1), (10, 1), (11, 1), (12, 1), (13, 1), (14, 1), (15, 1), (16, 1), (17, 1), (18, 1), (19, 1), (20, 1), (21, 1), (22, 1), (23, 1), (24, 1), (25, 1), (26, 1), (27, 2), (28, 1), (29, 1), (30, 1), (31, 1), (32, 1), (33, 1), (34, 1), (35, 1)], [(8, 2), (17, 1), (36, 1), (37, 1), (38, 1), (39, 1), (40, 1), (41, 1), (42, 1), (43, 1), (44, 1), (45, 1), (46, 1), (47, 1), (48, 2), (49, 1), (50, 1), (51, 1), (52, 5), (53, 1), (54, 1), (55, 1), (56, 1), (57, 1), (58, 1), (59, 1), (60, 1), (61, 1), (62, 1), (63, 1), (64, 4), (65, 1), (66, 1), (67, 1), (68, 1), (69, 1), (70, 1), (71, 2), (72, 1), (73, 3), (74, 1), (75, 1), (76, 1), (77, 1)], [(8, 2), (78, 1), (79, 1), (80, 1), (81, 1), (82, 1), (83, 1), (84, 1), (85, 1), (86, 1), (87, 1), (88, 1), (89, 1), (90, 1), (91, 1), (92, 1), (93, 1), (94, 1), (95, 1), (96, 1), (97, 1), (98, 1), (99, 1), (100, 1), (101, 1), (102, 1), (103, 1), (104, 1), (105, 1), (106, 1), (107, 1), (108, 1), (109, 1), (110, 1), (111, 1), (112, 1)], [(8, 2), (23, 1), (64, 2), (113, 1), (114, 1), (115, 1), (116, 1), (117, 1), (118, 1), (119, 1), (120, 1), (121, 1), (122, 1), (123, 1), (124, 1), (125, 1), (126, 1), (127, 1), (128, 1), (129, 2), (130, 1), (131, 1), (132, 1), (133, 1), (134, 1), (135, 1), (136, 1)], [(8, 2), (23, 1), (121, 5), (137, 1), (138, 1), (139, 1), (140, 1), (141, 1), (142, 4), (143, 1), (144, 1), (145, 1), (146, 1), (147, 1), (148, 1), (149, 1), (150, 1), (151, 1), (152, 1), (153, 1), (154, 1), (155, 1), (156, 1)]]
Sun, 25 Oct 2015 14:58:09 - tfidfmodel.py - [line:112] - INFO - collecting document frequencies
Sun, 25 Oct 2015 14:58:09 - tfidfmodel.py - [line:117] - INFO - PROGRESS: processing document #0
Sun, 25 Oct 2015 14:58:09 - tfidfmodel.py - [line:130] - INFO - calculating IDF weights for 5 documents and 156 features (166 matrix non-zeros)
Sun, 25 Oct 2015 14:58:09 - ldamodel.py - [line:261] - INFO - using symmetric alpha at 0.1111111111111111
Sun, 25 Oct 2015 14:58:09 - ldamodel.py - [line:287] - INFO - using serial LDA version on this node
Sun, 25 Oct 2015 14:58:09 - ldamodel.py - [line:538] - INFO - running online LDA training, 9 topics, 1 passes over the supplied corpus of 5 documents, updating model once every 5 documents, evaluating perplexity every 5 documents, iterating 50x with a convergence threshold of 0.001000
Sun, 25 Oct 2015 14:58:09 - ldamodel.py - [line:541] - WARNING - too few updates, training might not converge; consider increasing the number of passes or iterations to improve accuracy
Sun, 25 Oct 2015 14:58:09 - ldamodel.py - [line:468] - INFO - -62.279 per-word bound, 5594195467588490240.0 perplexity estimate based on a held-out corpus of 5 documents with 26 words
Sun, 25 Oct 2015 14:58:09 - ldamodel.py - [line:573] - INFO - PROGRESS: pass 0, at document #5/5
Sun, 25 Oct 2015 14:58:09 - ldamodel.py - [line:719] - INFO - topic #2 (0.111): 0.034*汽车 + 0.025*智能 + 0.012*基于 + 0.012*第三个 + 0.012*信息 + 0.012*研发 + 0.012*饲养 + 0.012*执行器 + 0.012*人车 + 0.012*感知
Sun, 25 Oct 2015 14:58:09 - ldamodel.py - [line:719] - INFO - topic #8 (0.111): 0.023*监控 + 0.021*系统 + 0.018*智能家居 + 0.016*防火 + 0.012*森林 + 0.012*镜头 + 0.011*集中控制 + 0.011*利用 + 0.011*国内 + 0.011*百叶窗
Sun, 25 Oct 2015 14:58:09 - ldamodel.py - [line:719] - INFO - topic #4 (0.111): 0.006*智能 + 0.006*监控 + 0.006*汽车 + 0.006*系统 + 0.006*智能家居 + 0.006*网站 + 0.006*所谓 + 0.006*背景音乐 + 0.006*较差 + 0.006*第二个
Sun, 25 Oct 2015 14:58:09 - ldamodel.py - [line:719] - INFO - topic #1 (0.111): 0.006*智能 + 0.006*汽车 + 0.006*监控 + 0.006*系统 + 0.006*网站 + 0.006*智能家居 + 0.006*污水处理 + 0.006*高校 + 0.006*集成 + 0.006*第二个
Sun, 25 Oct 2015 14:58:09 - ldamodel.py - [line:719] - INFO - topic #6 (0.111): 0.012*日益严重 + 0.012*供应 + 0.012*气态 + 0.012*污染物 + 0.012*可吸入颗粒物 + 0.012*病毒 + 0.012*生产 + 0.012*呼吸道 + 0.012*不便 + 0.012*支气管炎
Sun, 25 Oct 2015 14:58:09 - ldamodel.py - [line:628] - INFO - topic diff=6.197801, rho=1.000000
Sun, 25 Oct 2015 14:58:09 - docsim.py - [line:501] - WARNING - scanning corpus to determine the number of features (consider setting `num_features` explicitly)
Sun, 25 Oct 2015 14:58:09 - docsim.py - [line:514] - INFO - creating matrix with 5 documents and 9 features
